  Proyecto_Final.cpp
C:\Users\daema\Documents\Emmanuel\Septimo Semestre2021_1\Computación Gráfica\ProyectoTeoria\Proyecto_Final\Proyecto_Final\Proyecto_Final.cpp(361,24): warning C4244: 'inicializando': conversión de 'double' a 'GLfloat'; posible pérdida de datos
C:\Users\daema\Documents\Emmanuel\Septimo Semestre2021_1\Computación Gráfica\ProyectoTeoria\Proyecto_Final\Proyecto_Final\Proyecto_Final.cpp(879,11): warning C4244: '=': conversión de 'double' a 'GLfloat'; posible pérdida de datos
C:\Users\daema\Documents\Emmanuel\Septimo Semestre2021_1\Computación Gráfica\ProyectoTeoria\Proyecto_Final\Proyecto_Final\Proyecto_Final.cpp(880,11): warning C4244: '=': conversión de 'double' a 'GLfloat'; posible pérdida de datos
C:\Users\daema\Documents\Emmanuel\Septimo Semestre2021_1\Computación Gráfica\ProyectoTeoria\Proyecto_Final\Proyecto_Final\Proyecto_Final.cpp(884,18): warning C4244: 'inicializando': conversión de 'double' a 'GLfloat'; posible pérdida de datos
C:\Users\daema\Documents\Emmanuel\Septimo Semestre2021_1\Computación Gráfica\ProyectoTeoria\Proyecto_Final\Proyecto_Final\Proyecto_Final.cpp(885,18): warning C4244: 'inicializando': conversión de 'double' a 'GLfloat'; posible pérdida de datos
C:\Users\daema\Documents\Emmanuel\Septimo Semestre2021_1\Computación Gráfica\ProyectoTeoria\Proyecto_Final\Proyecto_Final\Proyecto_Final.cpp(887,10): warning C4244: '=': conversión de 'double' a 'GLfloat'; posible pérdida de datos
C:\Users\daema\Documents\Emmanuel\Septimo Semestre2021_1\Computación Gráfica\ProyectoTeoria\Proyecto_Final\Proyecto_Final\Proyecto_Final.cpp(888,10): warning C4244: '=': conversión de 'double' a 'GLfloat'; posible pérdida de datos
soil2-debug.lib(SOIL2.obj) : warning LNK4075: se omite '/EDITANDCONTINUE' debido a la especificación '/OPT:ICF'
LINK : warning LNK4098: la biblioteca predeterminada'MSVCRTD' entra en conflicto con otras bibliotecas; use la biblioteca /NODEFAULTLIB:biblioteca
  Generando código
  627 of 641 functions (97.8%) were compiled, the rest were copied from previous compilation.
    7 functions were new in current compilation
    2 functions had inline decision re-evaluated but remain unchanged
  Generación de código finalizada
soil2-debug.lib(etc1_utils.obj) : warning LNK4099: no se encontró PDB 'soil2-debug.pdb' con 'soil2-debug.lib(etc1_utils.obj)' o en 'C:\Users\daema\Documents\Emmanuel\Septimo Semestre2021_1\Computación Gráfica\ProyectoTeoria\Proyecto_Final\Release\soil2-debug.pdb'; se vinculará el objeto sin tener en cuenta información de depuración
soil2-debug.lib(image_DXT.obj) : warning LNK4099: no se encontró PDB 'soil2-debug.pdb' con 'soil2-debug.lib(image_DXT.obj)' o en 'C:\Users\daema\Documents\Emmanuel\Septimo Semestre2021_1\Computación Gráfica\ProyectoTeoria\Proyecto_Final\Release\soil2-debug.pdb'; se vinculará el objeto sin tener en cuenta información de depuración
soil2-debug.lib(image_helper.obj) : warning LNK4099: no se encontró PDB 'soil2-debug.pdb' con 'soil2-debug.lib(image_helper.obj)' o en 'C:\Users\daema\Documents\Emmanuel\Septimo Semestre2021_1\Computación Gráfica\ProyectoTeoria\Proyecto_Final\Release\soil2-debug.pdb'; se vinculará el objeto sin tener en cuenta información de depuración
soil2-debug.lib(SOIL2.obj) : warning LNK4099: no se encontró PDB 'soil2-debug.pdb' con 'soil2-debug.lib(SOIL2.obj)' o en 'C:\Users\daema\Documents\Emmanuel\Septimo Semestre2021_1\Computación Gráfica\ProyectoTeoria\Proyecto_Final\Release\soil2-debug.pdb'; se vinculará el objeto sin tener en cuenta información de depuración
  Proyecto_Final.vcxproj -> C:\Users\daema\Documents\Emmanuel\Septimo Semestre2021_1\Computación Gráfica\ProyectoTeoria\Proyecto_Final\Release\Proyecto_Final.exe
